<?xml version="1.0" encoding="UTF-8"?>
<testng-results skipped="0" failed="0" ignored="0" total="2" passed="2">
  <reporter-output>
  </reporter-output>
  <suite name="Surefire suite" duration-ms="59" started-at="2021-04-15T04:27:25Z" finished-at="2021-04-15T04:27:25Z">
    <groups>
    </groups>
    <test name="Surefire test" duration-ms="59" started-at="2021-04-15T04:27:25Z" finished-at="2021-04-15T04:27:25Z">
      <class name="qaclickacademy.Mavenjava.AppiumTest">
        <test-method status="PASS" signature="IOSApps()[pri:0, instance:qaclickacademy.Mavenjava.AppiumTest@7f560810]" name="IOSApps" duration-ms="16" started-at="2021-04-15T09:57:25Z" finished-at="2021-04-15T09:57:25Z">
          <reporter-output>
          </reporter-output>
        </test-method> <!-- IOSApps -->
        <test-method status="PASS" signature="NativeAppAndroid()[pri:0, instance:qaclickacademy.Mavenjava.AppiumTest@7f560810]" name="NativeAppAndroid" duration-ms="2" started-at="2021-04-15T09:57:25Z" finished-at="2021-04-15T09:57:25Z">
          <reporter-output>
          </reporter-output>
        </test-method> <!-- NativeAppAndroid -->
      </class> <!-- qaclickacademy.Mavenjava.AppiumTest -->
    </test> <!-- Surefire test -->
  </suite> <!-- Surefire suite -->
</testng-results>
