<?xml version="1.0" encoding="UTF-8"?>
<testng-results skipped="0" failed="0" total="2" passed="2">
  <reporter-output>
  </reporter-output>
  <suite name="Default suite" duration-ms="46" started-at="2021-04-14T13:46:19Z" finished-at="2021-04-14T13:46:19Z">
    <groups>
    </groups>
    <test name="Default test" duration-ms="46" started-at="2021-04-14T13:46:19Z" finished-at="2021-04-14T13:46:19Z">
      <class name="qaclickacademy.Mavenjava.AppiumTest">
        <test-method status="PASS" signature="IOSApps()[pri:0, instance:qaclickacademy.Mavenjava.AppiumTest@2c8d66b2]" name="IOSApps" duration-ms="23" started-at="2021-04-14T19:16:19Z" finished-at="2021-04-14T19:16:19Z">
          <reporter-output>
          </reporter-output>
        </test-method> <!-- IOSApps -->
        <test-method status="PASS" signature="NativeAppAndroid()[pri:0, instance:qaclickacademy.Mavenjava.AppiumTest@2c8d66b2]" name="NativeAppAndroid" duration-ms="2" started-at="2021-04-14T19:16:19Z" finished-at="2021-04-14T19:16:19Z">
          <reporter-output>
          </reporter-output>
        </test-method> <!-- NativeAppAndroid -->
      </class> <!-- qaclickacademy.Mavenjava.AppiumTest -->
    </test> <!-- Default test -->
  </suite> <!-- Default suite -->
</testng-results>
